[    0.000000] Linux version 4.15.0-212-generic (buildd@lcy02-amd64-083) (gcc version 7.5.0 (Ubuntu 7.5.0-3ubuntu1~18.04)) #223-Ubuntu SMP Tue May 23 13:09:22 UTC 2023 (Ubuntu 4.15.0-212.223-generic 4.15.18)
[    0.000000] Command line: BOOT_IMAGE=/boot/vmlinuz-4.15.0-212-generic root=LABEL=cloudimg-rootfs ro console=tty1 console=ttyS0
[    0.000000] KERNEL supported cpus:
[    0.000000]   Intel GenuineIntel
[    0.000000]   AMD AuthenticAMD
[    0.000000]   Centaur CentaurHauls
[    0.000000] x86/fpu: x87 FPU will use FXSAVE
[    0.000000] e820: BIOS-provided physical RAM map:
[    0.000000] BIOS-e820: [mem 0x0000000000000000-0x000000000009fbff] usable
[    0.000000] BIOS-e820: [mem 0x000000000009fc00-0x000000000009ffff] reserved
[    0.000000] BIOS-e820: [mem 0x00000000000f0000-0x00000000000fffff] reserved
[    0.000000] BIOS-e820: [mem 0x0000000000100000-0x00000000dffeffff] usable
[    0.000000] BIOS-e820: [mem 0x00000000dfff0000-0x00000000dfffffff] ACPI data
[    0.000000] BIOS-e820: [mem 0x00000000fec00000-0x00000000fec00fff] reserved
[    0.000000] BIOS-e820: [mem 0x00000000fee00000-0x00000000fee00fff] reserved
[    0.000000] BIOS-e820: [mem 0x00000000fffc0000-0x00000000ffffffff] reserved
[    0.000000] BIOS-e820: [mem 0x0000000100000000-0x000000011fffffff] usable
[    0.000000] NX (Execute Disable) protection: active
[    0.000000] SMBIOS 2.5 present.
[    0.000000] DMI: innotek GmbH VirtualBox/VirtualBox, BIOS VirtualBox 12/01/2006
[    0.000000] Hypervisor detected: KVM
[    0.000000] e820: last_pfn = 0x120000 max_arch_pfn = 0x400000000
[    0.000000] MTRR: Disabled
[    0.000000] x86/PAT: MTRRs disabled, skipping PAT initialization too.
[    0.000000] CPU MTRRs all blank - virtualized system.
[    0.000000] x86/PAT: Configuration [0-7]: WB  WT  UC- UC  WB  WT  UC- UC  
[    0.000000] e820: last_pfn = 0xdfff0 max_arch_pfn = 0x400000000
[    0.000000] found SMP MP-table at [mem 0x0009fff0-0x0009ffff]
[    0.000000] Scanning 1 areas for low memory corruption
[    0.000000] RAMDISK: [mem 0x359cb000-0x36cdcfff]
[    0.000000] ACPI: Early table checksum verification disabled
[    0.000000] ACPI: RSDP 0x00000000000E0000 000024 (v02 VBOX  )
[    0.000000] ACPI: XSDT 0x00000000DFFF0030 00003C (v01 VBOX   VBOXXSDT 00000001 ASL  00000061)
[    0.000000] ACPI: FACP 0x00000000DFFF00F0 0000F4 (v04 VBOX   VBOXFACP 00000001 ASL  00000061)
[    0.000000] ACPI: DSDT 0x00000000DFFF0620 002353 (v02 VBOX   VBOXBIOS 00000002 INTL 20100528)
[    0.000000] ACPI: FACS 0x00000000DFFF0200 000040
[    0.000000] ACPI: FACS 0x00000000DFFF0200 000040
[    0.000000] ACPI: APIC 0x00000000DFFF0240 00006C (v02 VBOX   VBOXAPIC 00000001 ASL  00000061)
[    0.000000] ACPI: SSDT 0x00000000DFFF02B0 00036C (v01 VBOX   VBOXCPUT 00000002 INTL 20100528)
[    0.000000] ACPI: Reserving FACP table memory at [mem 0xdfff00f0-0xdfff01e3]
[    0.000000] ACPI: Reserving DSDT table memory at [mem 0xdfff0620-0xdfff2972]
[    0.000000] ACPI: Reserving FACS table memory at [mem 0xdfff0200-0xdfff023f]
[    0.000000] ACPI: Reserving FACS table memory at [mem 0xdfff0200-0xdfff023f]
[    0.000000] ACPI: Reserving APIC table memory at [mem 0xdfff0240-0xdfff02ab]
[    0.000000] ACPI: Reserving SSDT table memory at [mem 0xdfff02b0-0xdfff061b]
[    0.000000] No NUMA configuration found
[    0.000000] Faking a node at [mem 0x0000000000000000-0x000000011fffffff]
[    0.000000] NODE_DATA(0) allocated [mem 0x11ffd1000-0x11fffbfff]
[    0.000000] kvm-clock: cpu 0, msr 1:1ff50001, primary cpu clock
[    0.000000] kvm-clock: Using msrs 4b564d01 and 4b564d00
[    0.000000] kvm-clock: using sched offset of 4342808820 cycles
[    0.000000] clocksource: kvm-clock: mask: 0xffffffffffffffff max_cycles: 0x1cd42e4dffb, max_idle_ns: 881590591483 ns
[    0.000000] Zone ranges:
[    0.000000]   DMA      [mem 0x0000000000001000-0x0000000000ffffff]
[    0.000000]   DMA32    [mem 0x0000000001000000-0x00000000ffffffff]
[    0.000000]   Normal   [mem 0x0000000100000000-0x000000011fffffff]
[    0.000000]   Device   empty
[    0.000000] Movable zone start for each node
[    0.000000] Early memory node ranges
[    0.000000]   node   0: [mem 0x0000000000001000-0x000000000009efff]
[    0.000000]   node   0: [mem 0x0000000000100000-0x00000000dffeffff]
[    0.000000]   node   0: [mem 0x0000000100000000-0x000000011fffffff]
[    0.000000] Reserved but unavailable: 104 pages
[    0.000000] Initmem setup node 0 [mem 0x0000000000001000-0x000000011fffffff]
[    0.000000] ACPI: PM-Timer IO Port: 0x4008
[    0.000000] IOAPIC[0]: apic_id 4, version 32, address 0xfec00000, GSI 0-23
[    0.000000] ACPI: INT_SRC_OVR (bus 0 bus_irq 0 global_irq 2 dfl dfl)
[    0.000000] ACPI: INT_SRC_OVR (bus 0 bus_irq 9 global_irq 9 low level)
[    0.000000] Using ACPI (MADT) for SMP configuration information
[    0.000000] smpboot: Allowing 4 CPUs, 0 hotplug CPUs
[    0.000000] PM: Registered nosave memory: [mem 0x00000000-0x00000fff]
[    0.000000] PM: Registered nosave memory: [mem 0x0009f000-0x0009ffff]
[    0.000000] PM: Registered nosave memory: [mem 0x000a0000-0x000effff]
[    0.000000] PM: Registered nosave memory: [mem 0x000f0000-0x000fffff]
[    0.000000] PM: Registered nosave memory: [mem 0xdfff0000-0xdfffffff]
[    0.000000] PM: Registered nosave memory: [mem 0xe0000000-0xfebfffff]
[    0.000000] PM: Registered nosave memory: [mem 0xfec00000-0xfec00fff]
[    0.000000] PM: Registered nosave memory: [mem 0xfec01000-0xfedfffff]
[    0.000000] PM: Registered nosave memory: [mem 0xfee00000-0xfee00fff]
[    0.000000] PM: Registered nosave memory: [mem 0xfee01000-0xfffbffff]
[    0.000000] PM: Registered nosave memory: [mem 0xfffc0000-0xffffffff]
[    0.000000] e820: [mem 0xe0000000-0xfebfffff] available for PCI devices
[    0.000000] Booting paravirtualized kernel on KVM
[    0.000000] clocksource: refined-jiffies: mask: 0xffffffff max_cycles: 0xffffffff, max_idle_ns: 7645519600211568 ns
[    0.000000] setup_percpu: NR_CPUS:8192 nr_cpumask_bits:4 nr_cpu_ids:4 nr_node_ids:1
[    0.000000] percpu: Embedded 50 pages/cpu s167936 r8192 d28672 u524288
[    0.000000] PV qspinlock hash table entries: 256 (order: 0, 4096 bytes)
[    0.000000] Built 1 zonelists, mobility grouping on.  Total pages: 1032057
[    0.000000] Policy zone: Normal
[    0.000000] Kernel command line: BOOT_IMAGE=/boot/vmlinuz-4.15.0-212-generic root=LABEL=cloudimg-rootfs ro console=tty1 console=ttyS0
[    0.000000] Memory: 4012852K/4193848K available (12300K kernel code, 2477K rwdata, 4324K rodata, 2480K init, 2720K bss, 180996K reserved, 0K cma-reserved)
[    0.000000] SLUB: HWalign=64, Order=0-3, MinObjects=0, CPUs=4, Nodes=1
[    0.000000] ftrace: allocating 39508 entries in 155 pages
[    0.004000] Hierarchical RCU implementation.
[    0.004000] 	RCU restricting CPUs from NR_CPUS=8192 to nr_cpu_ids=4.
[    0.004000] 	Tasks RCU enabled.
[    0.004000] RCU: Adjusting geometry for rcu_fanout_leaf=16, nr_cpu_ids=4
[    0.004000] NR_IRQS: 524544, nr_irqs: 456, preallocated irqs: 16
[    0.004000] random: crng init done
[    0.004000] Console: colour VGA+ 80x25
[    0.004000] console [tty1] enabled
[    0.004000] console [ttyS0] enabled
[    0.004000] ACPI: Core revision 20170831
[    0.004000] ACPI: 2 ACPI AML tables successfully acquired and loaded
[    0.004000] APIC: Switch to symmetric I/O mode setup
[    0.004000] ..TIMER: vector=0x30 apic1=0 pin1=2 apic2=-1 pin2=-1
[    0.004000] tsc: Detected 2419.210 MHz processor
[    0.004000] Calibrating delay loop (skipped) preset value.. 4838.42 BogoMIPS (lpj=9676840)
[    0.004000] pid_max: default: 32768 minimum: 301
[    0.004000] Security Framework initialized
[    0.004010] Yama: becoming mindful.
[    0.008322] AppArmor: AppArmor initialized
[    0.052432] Dentry cache hash table entries: 524288 (order: 10, 4194304 bytes)
[    0.068540] Inode-cache hash table entries: 262144 (order: 9, 2097152 bytes)
[    0.072275] Mount-cache hash table entries: 8192 (order: 4, 65536 bytes)
[    0.076257] Mountpoint-cache hash table entries: 8192 (order: 4, 65536 bytes)
[    0.088308] Last level iTLB entries: 4KB 0, 2MB 0, 4MB 0
[    0.092002] Last level dTLB entries: 4KB 0, 2MB 0, 4MB 0, 1GB 0
[    0.096005] Spectre V1 : Mitigation: usercopy/swapgs barriers and __user pointer sanitization
[    0.100004] Spectre V2 : Mitigation: Enhanced IBRS
[    0.104006] Spectre V2 : Spectre v2 / SpectreRSB mitigation: Filling RSB on context switch
[    0.108005] Spectre V2 : Spectre v2 / PBRSB-eIBRS: Retire a single CALL on VMEXIT
[    0.112007] RETBleed: Mitigation: Enhanced IBRS
[    0.116008] Speculative Store Bypass: Vulnerable
[    0.120197] Freeing SMP alternatives memory: 36K
[    0.241538] smpboot: CPU0: 11th Gen Intel(R) Core(TM) i5-1135G7 @ 2.40GHz (family: 0x6, model: 0x8c, stepping: 0x1)
[    0.248435] Performance Events: unsupported p6 CPU model 140 no PMU driver, software events only.
[    0.252110] Hierarchical SRCU implementation.
[    0.256809] NMI watchdog: Perf event create on CPU 0 failed with -2
[    0.260003] NMI watchdog: Perf NMI watchdog permanently disabled
[    0.264522] smp: Bringing up secondary CPUs ...
[    0.268982] x86: Booting SMP configuration:
[    0.272004] .... node  #0, CPUs:      #1
[    0.004000] kvm-clock: cpu 1, msr 1:1ff50041, secondary cpu clock
[    0.288000] TSC synchronization [CPU#0 -> CPU#1]:
[    0.288000] Measured 65115 cycles TSC warp between CPUs, turning off TSC clock.
[    0.288000] tsc: Marking TSC unstable due to check_tsc_sync_source failed
[    0.292365]  #2
[    0.004000] kvm-clock: cpu 2, msr 1:1ff50081, secondary cpu clock
[    0.301855]  #3
[    0.004000] kvm-clock: cpu 3, msr 1:1ff500c1, secondary cpu clock
[    0.313606] smp: Brought up 1 node, 4 CPUs
[    0.316007] smpboot: Max logical packages: 1
[    0.320008] smpboot: Total of 4 processors activated (19353.68 BogoMIPS)
[    0.328004] devtmpfs: initialized
[    0.332135] x86/mm: Memory block size: 128MB
[    0.336843] evm: security.selinux
[    0.340002] evm: security.SMACK64
[    0.344002] evm: security.SMACK64EXEC
[    0.348003] evm: security.SMACK64TRANSMUTE
[    0.352002] evm: security.SMACK64MMAP
[    0.354752] evm: security.apparmor
[    0.356002] evm: security.ima
[    0.358415] evm: security.capability
[    0.360532] clocksource: jiffies: mask: 0xffffffff max_cycles: 0xffffffff, max_idle_ns: 7645041785100000 ns
[    0.364015] futex hash table entries: 1024 (order: 4, 65536 bytes)
[    0.372265] pinctrl core: initialized pinctrl subsystem
[    0.376476] RTC time: 22:03:56, date: 02/02/24
[    0.384182] NET: Registered protocol family 16
[    0.388136] audit: initializing netlink subsys (disabled)
[    0.392221] audit: type=2000 audit(1706911442.720:1): state=initialized audit_enabled=0 res=1
[    0.408010] cpuidle: using governor ladder
[    0.412010] cpuidle: using governor menu
[    0.416000] ACPI: bus type PCI registered
[    0.416005] acpiphp: ACPI Hot Plug PCI Controller Driver version: 0.5
[    0.420598] PCI: Using configuration type 1 for base access
[    0.428596] HugeTLB registered 2.00 MiB page size, pre-allocated 0 pages
[    0.436713] ACPI: Added _OSI(Module Device)
[    0.440007] ACPI: Added _OSI(Processor Device)
[    0.444003] ACPI: Added _OSI(3.0 _SCP Extensions)
[    0.448003] ACPI: Added _OSI(Processor Aggregator Device)
[    0.452004] ACPI: Added _OSI(Linux-Dell-Video)
[    0.456003] ACPI: Added _OSI(Linux-Lenovo-NV-HDMI-Audio)
[    0.460003] ACPI: Added _OSI(Linux-HPI-Hybrid-Graphics)
[    0.464962] ACPI: Executed 1 blocks of module-level executable AML code
[    0.473694] ACPI: Interpreter enabled
[    0.476016] ACPI: (supports S0 S5)
[    0.480003] ACPI: Using IOAPIC for interrupt routing
[    0.484445] PCI: Using host bridge windows from ACPI; if necessary, use "pci=nocrs" and report a bug
[    0.488309] ACPI: Enabled 2 GPEs in block 00 to 07
[    0.506128] ACPI: PCI Root Bridge [PCI0] (domain 0000 [bus 00-ff])
[    0.508012] acpi PNP0A03:00: _OSC: OS supports [ASPM ClockPM Segments MSI]
[    0.512866] acpi PNP0A03:00: _OSC: not requesting OS control; OS requires [ExtendedConfig ASPM ClockPM MSI]
[    0.516021] acpi PNP0A03:00: fail to add MMCONFIG information, can't access extended PCI configuration space under this bridge.
[    0.520773] PCI host bridge to bus 0000:00
[    0.524008] pci_bus 0000:00: root bus resource [io  0x0000-0x0cf7 window]
[    0.528005] pci_bus 0000:00: root bus resource [io  0x0d00-0xffff window]
[    0.532005] pci_bus 0000:00: root bus resource [mem 0x000a0000-0x000bffff window]
[    0.536004] pci_bus 0000:00: root bus resource [mem 0xe0000000-0xfdffffff window]
[    0.540005] pci_bus 0000:00: root bus resource [bus 00-ff]
[    0.550361] pci 0000:00:01.1: legacy IDE quirk: reg 0x10: [io  0x01f0-0x01f7]
[    0.552004] pci 0000:00:01.1: legacy IDE quirk: reg 0x14: [io  0x03f6]
[    0.556003] pci 0000:00:01.1: legacy IDE quirk: reg 0x18: [io  0x0170-0x0177]
[    0.560004] pci 0000:00:01.1: legacy IDE quirk: reg 0x1c: [io  0x0376]
[    0.593750] pci 0000:00:07.0: quirk: [io  0x4000-0x403f] claimed by PIIX4 ACPI
[    0.596035] pci 0000:00:07.0: quirk: [io  0x4100-0x410f] claimed by PIIX4 SMB
[    0.613284] ACPI: PCI Interrupt Link [LNKA] (IRQs 5 9 10 *11)
[    0.616490] ACPI: PCI Interrupt Link [LNKB] (IRQs 5 9 *10 11)
[    0.620184] ACPI: PCI Interrupt Link [LNKC] (IRQs 5 *9 10 11)
[    0.624172] ACPI: PCI Interrupt Link [LNKD] (IRQs 5 9 10 *11)
[    0.632452] SCSI subsystem initialized
[    0.636600] pci 0000:00:02.0: vgaarb: setting as boot VGA device
[    0.640000] pci 0000:00:02.0: vgaarb: VGA device added: decodes=io+mem,owns=io+mem,locks=none
[    0.640009] pci 0000:00:02.0: vgaarb: bridge control possible
[    0.644002] vgaarb: loaded
[    0.648038] ACPI: bus type USB registered
[    0.652056] usbcore: registered new interface driver usbfs
[    0.656018] usbcore: registered new interface driver hub
[    0.660013] usbcore: registered new device driver usb
[    0.668139] EDAC MC: Ver: 3.0.0
[    0.672475] PCI: Using ACPI for IRQ routing
[    0.676884] NetLabel: Initializing
[    0.680002] NetLabel:  domain hash size = 128
[    0.684002] NetLabel:  protocols = UNLABELED CIPSOv4 CALIPSO
[    0.688181] NetLabel:  unlabeled traffic allowed by default
[    0.697374] clocksource: Switched to clocksource kvm-clock
[    0.712090] VFS: Disk quotas dquot_6.6.0
[    0.712090] VFS: Dquot-cache hash table entries: 512 (order 0, 4096 bytes)
[    0.712090] AppArmor: AppArmor Filesystem Enabled
[    0.712090] pnp: PnP ACPI init
[    0.712090] pnp: PnP ACPI: found 3 devices
[    0.832014] clocksource: acpi_pm: mask: 0xffffff max_cycles: 0xffffff, max_idle_ns: 2085701024 ns
[    0.832326] NET: Registered protocol family 2
[    0.832326] IP idents hash table entries: 65536 (order: 7, 524288 bytes)
[    0.832326] TCP established hash table entries: 32768 (order: 6, 262144 bytes)
[    0.873049] TCP bind hash table entries: 32768 (order: 7, 524288 bytes)
[    0.883647] TCP: Hash tables configured (established 32768 bind 32768)
[    0.885667] UDP hash table entries: 2048 (order: 4, 65536 bytes)
[    0.885667] UDP-Lite hash table entries: 2048 (order: 4, 65536 bytes)
[    0.885667] NET: Registered protocol family 1
[    0.885667] pci 0000:00:00.0: Limiting direct PCI/PCI transfers
[    0.885667] pci 0000:00:01.0: Activating ISA DMA hang workarounds
[    0.885667] pci 0000:00:02.0: Video device with shadowed ROM at [mem 0x000c0000-0x000dffff]
[    0.885667] Unpacking initramfs...
[    1.406802] Freeing initrd memory: 19528K
[    1.412124] PCI-DMA: Using software bounce buffering for IO (SWIOTLB)
[    1.420183] software IO TLB: mapped [mem 0xdbff0000-0xdfff0000] (64MB)
[    1.427842] clocksource: tsc: mask: 0xffffffffffffffff max_cycles: 0x22df1a7d9cc, max_idle_ns: 440795302495 ns
[    1.438326] platform rtc_cmos: registered platform RTC device (no PNP device found)
[    1.450213] Scanning for low memory corruption every 60 seconds
[    1.460413] Initialise system trusted keyrings
[    1.465798] Key type blacklist registered
[    1.471950] workingset: timestamp_bits=36 max_order=20 bucket_order=0
[    1.482689] zbud: loaded
[    1.487649] squashfs: version 4.0 (2009/01/31) Phillip Lougher
[    1.497780] fuse init (API version 7.26)
[    1.562304] Key type asymmetric registered
[    1.568072] Asymmetric key parser 'x509' registered
[    1.573308] Block layer SCSI generic (bsg) driver version 0.4 loaded (major 246)
[    1.583925] io scheduler noop registered
[    1.590269] io scheduler deadline registered
[    1.595545] io scheduler cfq registered (default)
[    1.603710] ACPI: AC Adapter [AC] (on-line)
[    1.608318] input: Power Button as /devices/LNXSYSTM:00/LNXPWRBN:00/input/input0
[    1.616597] ACPI: Power Button [PWRF]
[    1.622074] input: Sleep Button as /devices/LNXSYSTM:00/LNXSLPBN:00/input/input1
[    1.629202] ACPI: Sleep Button [SLPF]
[    1.635413] ACPI: Battery Slot [BAT0] (battery present)
[    1.637778] Serial: 8250/16550 driver, 32 ports, IRQ sharing enabled
[    1.677181] 00:02: ttyS0 at I/O 0x3f8 (irq = 4, base_baud = 115200) is a 16550A
[    1.695546] Linux agpgart interface v0.103
[    1.712011] loop: module loaded
[    1.720963] scsi host0: ata_piix
[    1.727348] scsi host1: ata_piix
[    1.734424] ata1: PATA max UDMA/33 cmd 0x1f0 ctl 0x3f6 bmdma 0xd000 irq 14
[    1.738195] ata2: PATA max UDMA/33 cmd 0x170 ctl 0x376 bmdma 0xd008 irq 15
[    1.738195] tun: Universal TUN/TAP device driver, 1.6
[    1.761340] PPP generic driver version 2.4.2
[    1.767582] ehci_hcd: USB 2.0 'Enhanced' Host Controller (EHCI) Driver
[    1.774797] ehci-pci: EHCI PCI platform driver
[    1.781516] ehci-platform: EHCI generic platform driver
[    1.787860] ohci_hcd: USB 1.1 'Open' Host Controller (OHCI) Driver
[    1.794571] ohci-pci: OHCI PCI platform driver
[    1.800660] ohci-platform: OHCI generic platform driver
[    1.806688] uhci_hcd: USB Universal Host Controller Interface driver
[    1.813754] i8042: PNP: PS/2 Controller [PNP0303:PS2K,PNP0f03:PS2M] at 0x60,0x64 irq 1,12
[    1.828477] serio: i8042 KBD port at 0x60,0x64 irq 1
[    1.844951] serio: i8042 AUX port at 0x60,0x64 irq 12
[    1.853796] mousedev: PS/2 mouse device common for all mice
[    1.865858] input: AT Translated Set 2 keyboard as /devices/platform/i8042/serio0/input/input2
[    1.872373] rtc_cmos rtc_cmos: rtc core: registered rtc_cmos as rtc0
[    1.905577] rtc_cmos rtc_cmos: alarms up to one day, 114 bytes nvram
[    1.915857] i2c /dev entries driver
[    1.921317] device-mapper: uevent: version 1.0.3
[    1.927675] device-mapper: ioctl: 4.37.0-ioctl (2017-09-20) initialised: dm-devel@redhat.com
[    1.939767] ledtrig-cpu: registered to indicate activity on CPUs
[    1.967521] NET: Registered protocol family 10
[    1.986244] Segment Routing with IPv6
[    1.990058] NET: Registered protocol family 17
[    1.994995] Key type dns_resolver registered
[    2.001724] mce: Using 0 MCE banks
[    2.005598] RAS: Correctable Errors collector initialized.
[    2.011928] sched_clock: Marking stable (2011878868, 0)->(3403563463, -1391684595)
[    2.027565] registered taskstats version 1
[    2.032747] Loading compiled-in X.509 certificates
[    2.043896] Loaded X.509 cert 'Build time autogenerated kernel key: b5b26778eaa3ab3a4a6cee031137706e947d12ad'
[    2.055409] Loaded X.509 cert 'Canonical Ltd. Live Patch Signing: 14df34d1a87cf37625abec039ef2bf521249b969'
[    2.066806] Loaded X.509 cert 'Canonical Ltd. Kernel Module Signing: 88f752e560a1e0737e31163a466ad7b70a850c19'
[    2.078130] blacklist: Loading compiled-in revocation X.509 certificates
[    2.085913] Loaded X.509 cert 'Canonical Ltd. Secure Boot Signing: 61482aa2830d0ab2ad5af10b7250da9033ddcef0'
[    2.101542] Loaded X.509 cert 'Canonical Ltd. Secure Boot Signing (2017): 242ade75ac4a15e50d50c84b0d45ff3eae707a03'
[    2.118718] Loaded X.509 cert 'Canonical Ltd. Secure Boot Signing (ESM 2018): 365188c1d374d6b07c3c8f240f8ef722433d6a8b'
[    2.138159] Loaded X.509 cert 'Canonical Ltd. Secure Boot Signing (2019): c0746fd6c5da3ae827864651ad66ae47fe24b3e8'
[    2.163848] Loaded X.509 cert 'Canonical Ltd. Secure Boot Signing (2021 v1): a8d54bbb3825cfb94fa13c9f8a594a195c107b8d'
[    2.176451] Loaded X.509 cert 'Canonical Ltd. Secure Boot Signing (2021 v2): 4cf046892d6fd3c9a5b03f98d845f90851dc6a8c'
[    2.192845] Loaded X.509 cert 'Canonical Ltd. Secure Boot Signing (2021 v3): 100437bb6de6e469b581e61cd66bce3ef4ed53af'
[    2.214528] Loaded X.509 cert 'Canonical Ltd. Secure Boot Signing (Ubuntu Core 2019): c1d57b8f6b743f23ee41f4f7ee292f06eecadfb9'
[    2.230358] zswap: loaded using pool lzo/zbud
[    2.258417] Key type big_key registered
[    2.264372] Key type trusted registered
[    2.279699] Key type encrypted registered
[    2.285205] AppArmor: AppArmor sha1 policy hashing enabled
[    2.292065] ima: No TPM chip found, activating TPM-bypass! (rc=-19)
[    2.298912] ima: Allocated hash algorithm: sha1
[    2.303439] evm: HMAC attrs: 0x1
[    2.307776]   Magic number: 12:970:96
[    2.316818] rtc_cmos rtc_cmos: setting system clock to 2024-02-02 22:03:59 UTC (1706911439)
[    2.326497] BIOS EDD facility v0.16 2004-Jun-25, 0 devices found
[    2.335935] EDD information not available.
[    2.344976] Freeing unused kernel image memory: 2480K
[    2.365084] Write protecting the kernel read-only data: 20480k
[    2.374702] Freeing unused kernel image memory: 2008K
[    2.382852] Freeing unused kernel image memory: 1820K
[    2.392528] x86/mm: Checked W+X mappings: passed, no W+X pages found.
Loading, please wait...
starting version 237
[    2.566395] e1000: Intel(R) PRO/1000 Network Driver - version 7.3.21-k8-NAPI
[    2.578967] e1000: Copyright (c) 1999-2006 Intel Corporation.
[    2.594669] Fusion MPT base driver 3.04.20
[    2.602296] Copyright (c) 1999-2008 LSI Corporation
[    2.658016] SSE version of gcm_enc/dec engaged.
[    2.687029] Fusion MPT SPI Host driver 3.04.20
[    2.868064] input: ImExPS/2 Generic Explorer Mouse as /devices/platform/i8042/serio1/input/input4
[    3.412154] e1000 0000:00:03.0 eth0: (PCI:33MHz:32-bit) 02:3b:7b:b7:3b:2d
[    3.422269] e1000 0000:00:03.0 eth0: Intel(R) PRO/1000 Network Connection
[    4.086538] e1000 0000:00:08.0 eth1: (PCI:33MHz:32-bit) 08:00:27:9d:f9:e1
[    4.095778] e1000 0000:00:08.0 eth1: Intel(R) PRO/1000 Network Connection
[    4.115498] e1000 0000:00:03.0 enp0s3: renamed from eth0
[    4.129742] mptbase: ioc0: Initiating bringup
[    4.411950] e1000 0000:00:08.0 enp0s8: renamed from eth1
[    4.508653] ioc0: LSI53C1030 A0: Capabilities={Initiator}
[    6.214017] scsi host2: ioc0: LSI53C1030 A0, FwRev=00000000h, Ports=1, MaxQ=256, IRQ=20
[    8.182909] scsi 2:0:0:0: Direct-Access     VBOX     HARDDISK         1.0  PQ: 0 ANSI: 5
[    8.241237] scsi target2:0:0: Beginning Domain Validation
[    8.254643] scsi target2:0:0: Domain Validation skipping write tests
[    8.260696] scsi target2:0:0: Ending Domain Validation
[    8.266387] scsi target2:0:0: asynchronous
[    8.272065] scsi 2:0:1:0: Direct-Access     VBOX     HARDDISK         1.0  PQ: 0 ANSI: 5
[    9.015844] scsi target2:0:1: Beginning Domain Validation
[    9.036141] scsi target2:0:1: Domain Validation skipping write tests
[    9.048742] scsi target2:0:1: Ending Domain Validation
[    9.056441] scsi target2:0:1: asynchronous
[    9.079651] sd 2:0:0:0: Attached scsi generic sg0 type 0
[    9.081550] sd 2:0:0:0: [sda] 83886080 512-byte logical blocks: (42.9 GB/40.0 GiB)
[    9.094279] sd 2:0:0:0: [sda] Write Protect is off
[    9.096088] sd 2:0:1:0: [sdb] 20480 512-byte logical blocks: (10.5 MB/10.0 MiB)
[    9.108292] sd 2:0:1:0: Attached scsi generic sg1 type 0
[    9.108945] sd 2:0:1:0: [sdb] Write Protect is off
[    9.109034] sd 2:0:0:0: [sda] Incomplete mode parameter data
[    9.109035] sd 2:0:0:0: [sda] Assuming drive cache: write through
[    9.131572] sd 2:0:1:0: [sdb] Incomplete mode parameter data
[    9.137748] sd 2:0:1:0: [sdb] Assuming drive cache: write through
[    9.150660]  sda: sda1
[    9.155710] sd 2:0:1:0: [sdb] Attached SCSI disk
[    9.164249] sd 2:0:0:0: [sda] Attached SCSI disk
Begin: Loading essential drivers ... [   11.840370] raid6: sse2x1   gen() 12855 MB/s
[   11.892284] raid6: sse2x1   xor()  7730 MB/s
[   11.956748] raid6: sse2x2   gen()  9096 MB/s
[   12.008135] raid6: sse2x2   xor()  8613 MB/s
[   12.060136] raid6: sse2x4   gen() 13221 MB/s
[   12.116722] raid6: sse2x4   xor()  6869 MB/s
[   12.123570] raid6: using algorithm sse2x4 gen() 13221 MB/s
[   12.135456] raid6: .... xor() 6869 MB/s, rmw enabled
[   12.145487] raid6: using ssse3x2 recovery algorithm
[   12.159955] xor: measuring software checksum speed
[   12.204116]    prefetch64-sse: 21710.000 MB/sec
[   12.248212]    generic_sse: 26262.000 MB/sec
[   12.253986] xor: using function: generic_sse (26262.000 MB/sec)
[   12.265184] async_tx: api initialized (async)
done.
Begin: Running /scripts/init-premount ... done.
Begin: Mounting root file system ... Begin: Running /scripts/local-top ... done.
Begin: Running /scripts/local-premount ... [   12.397627] Btrfs loaded, crc32c=crc32c-intel
Scanning for Btrfs filesystems
done.
Warning: fsck not present, so skipping root file system
[   12.498474] EXT4-fs (sda1): mounted filesystem with ordered data mode. Opts: (null)
done.
Begin: Running /scripts/local-bottom ... done.
Begin: Running /scripts/init-bottom ... done.
[   12.874538] ip_tables: (C) 2000-2006 Netfilter Core Team
[   12.906498] systemd[1]: systemd 237 running in system mode. (+PAM +AUDIT +SELINUX +IMA +APPARMOR +SMACK +SYSVINIT +UTMP +LIBCRYPTSETUP +GCRYPT +GNUTLS +ACL +XZ +LZ4 +SECCOMP +BLKID +ELFUTILS +KMOD -IDN2 +IDN -PCRE2 default-hierarchy=hybrid)
[   12.931923] systemd[1]: Detected virtualization oracle.
[   12.937841] systemd[1]: Detected architecture x86-64.

Welcome to [1mUbuntu 18.04.6 LTS[0m!

[   13.028327] systemd[1]: Set hostname to <ubuntu>.
[   13.036720] systemd[1]: Initializing machine ID from random generator.
[   13.042162] systemd[1]: Installed transient /etc/machine-id file.
[   13.570198] systemd[1]: Reached target Mounting snaps.
[[0;32m  OK  [0m] Reached target Mounting snaps.
[   13.578862] systemd[1]: Reached target Mounted snaps.
[[0;32m  OK  [0m] Reached target Mounted snaps.
[   13.586499] systemd[1]: Started Forward Password Requests to Wall Directory Watch.
[[0;32m  OK  [0m] Started Forward Password Requests to Wall Directory Watch.
[   13.636067] systemd[1]: Created slice User and Session Slice.
[[0;32m  OK  [0m] Created slice User and Session Slice.
[[0;32m  OK  [0m] Reached target System Time Synchronized.
[[0;32m  OK  [0m] Created slice System Slice.
[[0;32m  OK  [0m] Listening on udev Kernel Socket.
[[0;32m  OK  [0m] Created slice system-serial\x2dgetty.slice.
[[0;32m  OK  [0m] Listening on udev Control Socket.
[[0;32m  OK  [0m] Listening on Journal Socket (/dev/log).
[[0;32m  OK  [0m] Listening on Network Service Netlink Socket.
[[0;32m  OK  [0m] Reached target Slices.
[[0;32m  OK  [0m] Listening on Journal Audit Socket.
[[0;32m  OK  [0m] Listening on Device-mapper event daemon FIFOs.
[[0;32m  OK  [0m] Set up automount Arbitrary Executab…rmats File System Automount Point.
[[0;32m  OK  [0m] Reached target Swap.
[[0;32m  OK  [0m] Listening on LVM2 metadata daemon socket.
[[0;32m  OK  [0m] Listening on Syslog Socket.
[[0;32m  OK  [0m] Listening on LVM2 poll daemon socket.
[[0;32m  OK  [0m] Reached target User and Group Name Lookups.
[[0;32m  OK  [0m] Listening on Journal Socket.
         Starting Set the console keyboard layout...
         Starting Monitoring of LVM2 mirrors…ng dmeventd or progress polling...
         Starting Uncomplicated firewall...
         Starting Journal Service...
         Starting Load Kernel Modules...
         Mounting POSIX Message Queue File System...
         Starting Create list of required st…ce nodes for the current kernel...
         Mounting Kernel Debug File System...
[   13.910292] Loading iSCSI transport class v2.0-870.
         Mounting Huge Pages File System...
[[0;32m  OK  [0m] Listening on fsck to fsckd communication Socket.
         Starting File System Check on Root Device...
[[0;32m  OK  [0m[   13.961036] iscsi: registered transport (tcp)
] Listening on /dev/initctl Compatibility Named Pipe.
         Starting udev Coldplug all Devices...
[[0;32m  OK  [0m] Started Journal Service.
[[0;32m  OK  [0m] Started Uncomplicated firewall.
[[0;32m  OK  [0m] Mounted POSIX Message Queue File System.
[[0;32m  OK  [0m] Started Create list of required sta…vice nodes for the current kernel.
[[0;32m  OK  [0m] Mounted Kernel Debug File System.
[[0;32m  OK  [0m] Mounted Huge Pages File System.
[[0;32m  OK  [0m] Started LVM2 metadata daemon.
[[0;32m  OK  [0m] Started File System Check Daemon to report status.
         Starting Create Static Device Nodes in /dev...
[[0;32m  OK  [0m] Started File System Check on Root Device.
         Starting Remount Root and Kernel File Systems...
[[0;32m  OK  [0m] Started udev Coldplug all Devices.
[[0;32m  OK  [0m] Started Create Static Device Nodes in /dev.
[   14.204468] EXT4-fs (sda1): re-mounted. Opts: (null)
[[0;32m  OK  [0m] Started Monitoring of LVM2 mirrors,…sing dmeventd or progress polling.
[[0;32m  OK  [0m] Started Remount Root and Kernel File Systems.
         Starting Flush Journal to Persistent Storage...
[   14.261669] iscsi: registered transport (iser)
         Starting udev Kernel Device Manager...
         Starting Load/Save Random Seed...
[[0;32m  OK  [0m] Started Load Kernel Modules.
         Mounting FUSE Control File System...
         Mounting Kernel Configuration File System...
         Starting Apply Kernel Variables...
[[0;32m  OK  [0m] Mounted FUSE Control File System.
[[0;32m  OK  [0m] Mounted Kernel Configuration File System.
[   14.380781] systemd-journald[435]: Received request to flush runtime journal from PID 1
[[0;32m  OK  [0m] Started Load/Save Random Seed.
[[0;32m  OK  [0m] Started udev Kernel Device Manager.
[[0;32m  OK  [0m] Started Apply Kernel Variables.
[[0;32m  OK  [0m] Started Flush Journal to Persistent Storage.
[[0;32m  OK  [0m] Found device /dev/ttyS0.
[[0;32m  OK  [0m] Listening on Load/Save RF Kill Switch Status /dev/rfkill Watch.
         Mounting Arbitrary Executable File Formats File System...
[[0;32m  OK  [0m] Started Set the console keyboard layout.
[[0;32m  OK  [0m] Mounted Arbitrary Executable File Formats File System.
[[0;32m  OK  [0m] Started Dispatch Password Requests to Console Directory Watch.
[[0;32m  OK  [0m] Reached target Local Encrypted Volumes.
[[0;32m  OK  [0m] Reached target Local File Systems (Pre).
[[0;32m  OK  [0m] Reached target Local File Systems.
         Starting Tell Plymouth To Write Out Runtime Data...
         Starting Commit a transient machine-id on disk...
         Starting ebtables ruleset management...
         Starting Create Volatile Files and Directories...
         Starting AppArmor initialization...
         Starting Set console font and keymap...
[[0;32m  OK  [0m] Started Tell Plymouth To Write Out Runtime Data.
[[0;32m  OK  [0m] Started Create Volatile Files and Directories.
         Starting Update UTMP about System Boot/Shutdown...
[[0;32m  OK  [0m] Started Update UTMP about System Boot/Shutdown.
[[0;32m  OK  [0m] Started Commit a transient machine-id on disk.
[[0;32m  OK  [0m] Started ebtables ruleset management.
[[0;32m  OK  [0m] Started AppArmor initialization.
         Starting Load AppArmor profiles managed internally by snapd...
         Starting Initial cloud-init job (pre-networking)...
[[0;32m  OK  [0m] Started Load AppArmor profiles managed internally by snapd.
[[0;32m  OK  [0m] Started Set console font and keymap.
[   20.193891] cloud-init[773]: Cloud-init v. 23.1.2-0ubuntu0~18.04.1 running 'init-local' at Fri, 02 Feb 2024 22:04:16 +0000. Up 19.59 seconds.
[[0;32m  OK  [0m] Started Initial cloud-init job (pre-networking).
[[0;32m  OK  [0m] Reached target Network (Pre).
         Starting Network Service...
[[0;32m  OK  [0m] Started Network Service.
         Starting Network Name Resolution...
         Starting Wait for Network to be Configured...
[[0;32m  OK  [0m] Started Network Name Resolution.
[[0;32m  OK  [0m] Reached target Network.
[[0;32m  OK  [0m] Reached target Host and Network Name Lookups.
[[0;32m  OK  [0m] Started Wait for Network to be Configured.
         Starting Initial cloud-init job (metadata service crawler)...
[   22.857187] cloud-init[949]: Cloud-init v. 23.1.2-0ubuntu0~18.04.1 running 'init' at Fri, 02 Feb 2024 22:04:19 +0000. Up 22.64 seconds.
[   22.863990] cloud-init[949]: ci-info: ++++++++++++++++++++++++++++++++++++++Net device info+++++++++++++++++++++++++++++++++++++++
[   22.868391] cloud-init[949]: ci-info: +--------+-------+----------------------------+---------------+--------+-------------------+
[   22.873124] cloud-init[949]: ci-info: | Device |   Up  |          Address           |      Mask     | Scope  |     Hw-Address    |
[   22.882488] cloud-init[949]: ci-info: +--------+-------+----------------------------+---------------+--------+-------------------+
[   22.886212] cloud-init[949]: ci-info: | enp0s3 |  True |         10.0.2.15          | 255.255.255.0 | global | 02:3b:7b:b7:3b:2d |
[   22.890751] cloud-init[949]: ci-info: | enp0s3 |  True | fe80::3b:7bff:feb7:3b2d/64 |       .       |  link  | 02:3b:7b:b7:3b:2d |
[   22.896895] cloud-init[949]: ci-info: | enp0s8 | False |             .              |       .       |   .    | 08:00:27:9d:f9:e1 |
[   22.900885] cloud-init[949]: ci-info: |   lo   |  True |         127.0.0.1          |   255.0.0.0   |  host  |         .         |
[   22.904863] cloud-init[949]: ci-info: |   lo   |  True |          ::1/128           |       .       |  host  |         .         |
[   22.908977] cloud-init[949]: ci-info: +--------+-------+----------------------------+---------------+--------+-------------------+
[   22.913299] cloud-init[949]: ci-info: ++++++++++++++++++++++++++++Route IPv4 info+++++++++++++++++++++++++++++
[   22.917468] cloud-init[949]: ci-info: +-------+-------------+----------+-----------------+-----------+-------+
[   22.920936] cloud-init[949]: ci-info: | Route | Destination | Gateway  |     Genmask     | Interface | Flags |
[   22.924601] cloud-init[949]: ci-info: +-------+-------------+----------+-----------------+-----------+-------+
[   22.927972] cloud-init[949]: ci-info: |   0   |   0.0.0.0   | 10.0.2.2 |     0.0.0.0     |   enp0s3  |   UG  |
[   22.931252] cloud-init[949]: ci-info: |   1   |   10.0.2.0  | 0.0.0.0  |  255.255.255.0  |   enp0s3  |   U   |
[   22.934610] cloud-init[949]: ci-info: |   2   |   10.0.2.2  | 0.0.0.0  | 255.255.255.255 |   enp0s3  |   UH  |
[   22.939090] cloud-init[949]: ci-info: +-------+-------------+----------+-----------------+-----------+-------+
[   22.942335] cloud-init[949]: ci-info: +++++++++++++++++++Route IPv6 info+++++++++++++++++++
[   22.945078] cloud-init[949]: ci-info: +-------+-------------+---------+-----------+-------+
[   22.947922] cloud-init[949]: ci-info: | Route | Destination | Gateway | Interface | Flags |
[   22.950725] cloud-init[949]: ci-info: +-------+-------------+---------+-----------+-------+
[   22.953704] cloud-init[949]: ci-info: |   1   |  fe80::/64  |    ::   |   enp0s3  |   U   |
[   22.955828] cloud-init[949]: ci-info: |   3   |    local    |    ::   |   enp0s3  |   U   |
[   22.958503] cloud-init[949]: ci-info: |   4   |   ff00::/8  |    ::   |   enp0s3  |   U   |
[   22.961488] cloud-init[949]: ci-info: +-------+-------------+---------+-----------+-------+
[   24.021987] cloud-init[949]: Generating public/private rsa key pair.
[   24.025147] cloud-init[949]: Your identification has been saved in /etc/ssh/ssh_host_rsa_key.
[   24.028384] cloud-init[949]: Your public key has been saved in /etc/ssh/ssh_host_rsa_key.pub.
[   24.031922] cloud-init[949]: The key fingerprint is:
[   24.033795] cloud-init[949]: SHA256:/L6M4dWdWipkBgP+CupqQrpjp8UqOpkGD6+XHqR0xew root@ubuntu-bionic
[   24.037181] cloud-init[949]: The key's randomart image is:
[   24.048871] cloud-init[949]: +---[RSA 2048]----+
[   24.050888] cloud-init[949]: |                 |
[   24.069562] cloud-init[949]: |    o .          |
[   24.078046] cloud-init[949]: |     = .         |
[   24.080599] cloud-init[949]: |    o ..o        |
[   24.082488] cloud-init[949]: | ... E .So       |
[[0;32m  OK  [0m] Started Initial cloud-init job (metadata service crawler).
[   24.100254] cloud-init[949]: |++o .   ..+. . . |
[   24.104271] cloud-init[949]: |=*.= . ..+o . +  |
[   24.106200] cloud-init[949]: |O+Oo  .. *.  +   |
[[0;32m  OK  [0m] Reached target System Initialization.
[   24.106283] cloud-init[949]: |%%=     o +oo    |
[[0;32m  OK  [0m] Started Ubuntu Advantage Timer for running repeated jobs.
[   24.109417] cloud-init[949]: +----[SHA256]-----+
[[0;32m  OK  [0m] Listening on ACPID Listen Socket.
[   24.117282] cloud-init[949]: Generating public/private dsa key pair.
[   24.120905] cloud-init[949]: Your identification has been saved in /etc/ssh/ssh_host_dsa_key.
[   24.123807] [cloud-init[0;32m  OK  [0m[949]: ] Your public key has been saved in /etc/ssh/ssh_host_dsa_key.pub.Started Message of the Day.

[   24.136237] [cloud-init[949]: [0;32m  OK  [0mThe key fingerprint is:] 
Started Daily Cleanup of Temporary Directories.
[   24.136306] cloud-init[949]: SHA256:kwjv+Wj7M2UBT8zhQas+17SXHU5FJg4Vfq5W1BmDZJw root@ubuntu-bionic
[   24.142900]          cloud-initStarting Socket activation for snappy daemon.[949]: 
The key's randomart image is:
[[0;32m  OK  [0m] Listening on UUID daemon activation socket.
[   24.154607] [[0;32m  OK  [0m] Listening on cloud-init hotplug hook socket.
[[0;32m  OK  [0m] Listening on D-Bus System Message Bus Socket.
[[0;32m  OK  [0m] Started Daily apt download activities.
         Starting LXD - unix socket.
[[0;32m  OK  [0m] Started ACPI Events Check.
[[0;32m  OK  [0m] Reached target Paths.
[[0;32m  OK  [0m] Started Discard unused blocks once a week.
[[0;32m  OK  [0m] Listening on Open-iSCSI iscsid Socket.
[[0;32m  OK  [0m] Started Daily apt upgrade and clean activities.
[[0;32m  OK  [0m] Reached target Timers.
[[0;32m  OK  [0m] Reached target Cloud-config availability.
[[0;32m  OK  [0m] Reached target Network is Online.
         Starting Availability of block devices...
[[0;32m  OK  [0m] Reached target Remote File Systems (Pre).
[[0;32m  OK  [0m] Reached target Remote File Systems.
[[0;32m  OK  [0m] Listening on Socket activation for snappy daemon.
[[0;32m  OK  [0m] Listening on LXD - unix socket.
[[0;32m  OK  [0m] Reached target Sockets.
[[0;32m  OK  [0m] Reached target Basic System.
[[0;32m  OK  [0m] Started D-Bus System Message Bus.
cloud-init[949]: +---[DSA 1024]----+
[   24.190690] cloud-init[949]: |         ++.++*+o|
[   24.195048] cloud-init[949]: |        ..+o.E +=|
[   24.200075] cloud-init[949]: |    .    +o   o.=|
[   24.204144] cloud-init[949]: |     o . oo    +.|
[   24.208375] cloud-init[949]: |      o S  ..  oo|
[   24.212992]          Starting LXD - container startup/shutdown...
         Starting Virtualbox guest utils...
cloud-init[949]: |     . o .oo .o=.|
[   24.227731] cloud-init[949]: |      o oo. o =..|
[   24.245613] cloud-init[949]: |      .ooo   o   |
[   24.250361] cloud-init[949]: |     .oooo       |
[   24.254678] cloud-init[949]: +----[SHA256]-----+
[   24.259170] cloud-init[949]: Generating public/private ecdsa key pair.
[   24.270261] cloud-init[949]: Your identification has been saved in /etc/ssh/ssh_host_ecdsa_key.
[   24.278239] cloud-init[949]: Your public key has been saved in /etc/ssh/ssh_host_ecdsa_key.pub.
[   24.285025] cloud-init[949]: The key fingerprint is:
[   24.288982] cloud-init[949]: SHA256:r8+tdaIxrkUM23PuY47yGtvnLLShTQbNdnKmBAG1HIE root@ubuntu-bionic
[   24.294005] cloud-init[949]: The key's randomart image is:
[   24.298726] cloud-init[949]: +---[ECDSA 256]---+
[   24.303121] cloud-init[949]: |      .+=o       |
[   24.307453] cloud-init[949]: |      E..o       |
[   24.312034] cloud-init[949]:          Starting System Logging Service...
|        ++       |
[   24.318903]          Starting Login Service...
cloud-init[[0;32m  OK  [0m] Started FUSE filesystem for LXC.
[949]: |        .=* +    |
[   24.334421] cloud-init[949]: |        S+=*.    |
[   24.339728] cloud-init[949]: |         o*+     |
[   24.341811] cloud-init[949]: |        .*=o+ .  |
[   24.343716] cloud-init[949]: |        oO+X+o   |
[   24.345291] cloud-init[949]: |        =*XB*.   |
[   24.348801] cloud-init[949]: +----[SHA256]-----+
[   24.351360] cloud-init[949]: Generating public/private ed25519 key pair.
[   24.353469] cloud-init[949]: Your identification has been saved in /etc/ssh/ssh_host_ed25519_key.
[   24.356724] cloud-init[949]: Your public key has been saved in /etc/ssh/ssh_host_ed25519_key.pub.
[   24.362303] cloud-init[949]: The key fingerprint is:
[   24.364630] cloud-init[949]: SHA256:RDYEqBCU9PEYoSz0qUFvBYU3lJwoGqSEwlqnw5ln/Jo root@ubuntu-bionic
[   24.369655] cloud-init[949]: The key's randomart image is:
[   24.372548] cloud-init[949]: +--[ED25519 256]--+
[   24.374433] cloud-init[949]: |BO.=O=+o=        |
[   24.376549] cloud-init[949]: |@+*oX* o .       |
[   24.378608] cloud-init[949]: |*O.#... .        |
[   24.380863] cloud-init[949]: |+ @ +  .         |
[   24.383550] cloud-init[949]: | . + .  S        |
[   24.386631] cloud-init[949]: |      .          |
[   24.388470] cloud-init[949]: |     o           |
[   24.390057] cloud-init[949]: |    E            |
[   24.392437] cloud-init[949]: |                 |
[   24.395361] cloud-init[949]: +----[SHA256]-----+
         Starting Snap Daemon...
         Starting LSB: Record successful boot for GRUB...
         Starting Dispatcher daemon for systemd-networkd...
[[0;32m  OK  [0m] Started irqbalance daemon.
         Starting Accounts Service...
         Starting Permit User Sessions...
         Starting Pollinate to seed the pseudo random number generator...
[[0;32m  OK  [0m] Started Regular background program processing daemon.
[[0;32m  OK  [0m] Reached target Login Prompts (Pre).
         Starting LSB: automatic crash report generation...
[[0;32m  OK  [0m] Started Deferred execution scheduler.
[[0;32m  OK  [0m] Started System Logging Service.
[[0;32m  OK  [0m] Started Availability of block devices.
[[0;32m  OK  [0m] Started LXD - container startup/shutdown.
[[0;32m  OK  [0m] Started Permit User Sessions.
[[0;32m  OK  [0m] Started Login Service.
         Starting Authorization Manager...
[[0;32m  OK  [0m] Started Unattended Upgrades Shutdown.
         Starting Hold until boot process finishes up...
         Starting Terminate Plymouth Boot Screen...
[[0;32m  OK  [0m] Started LSB: automatic crash report generation.
[[0;32m  OK  [0m] Started Hold until boot process finishes up.
[[0;32m  OK  [0m] Started Terminate Plymouth Boot Screen.
         Starting Set console scheme...
[[0;32m  OK  [0m] Started Serial Getty on ttyS0.
[[0;32m  OK  [0m] Started Set console scheme.
[[0;32m  OK  [0m] Created slice system-getty.slice.
[[0;32m  OK  [0m] Started Getty on tty1.
[[0;32m  OK  [0m] Reached target Login Prompts.
[[0;32m  OK  [0m] Started LSB: Record successful boot for GRUB.
[[0;32m  OK  [0m] Started Authorization Manager.
[[0;32m  OK  [0m] Started Accounts Service.
[[0;32m  OK  [0m] Started Virtualbox guest utils.
[[0;32m  OK  [0m] Started Dispatcher daemon for systemd-networkd.
[[0;32m  OK  [0m] Started Snap Daemon.
         Starting Wait until snapd is fully seeded...
         Starting Time & Date Service...
[[0;32m  OK  [0m] Started Time & Date Service.
[[0;32m  OK  [0m] Started Pollinate to seed the pseudo random number generator.
         Starting OpenBSD Secure Shell server...
[[0;32m  OK  [0m] Started OpenBSD Secure Shell server.
[[0;32m  OK  [0m] Created slice User Slice of vagrant.
         Starting User Manager for UID 1000...
[[0;32m  OK  [0m] Started Session 1 of user vagrant.
[[0;32m  OK  [0m] Started User Manager for UID 1000.

Ubuntu 18.04.6 LTS ubuntu-bionic ttyS0

ubuntu-bionic login: [   32.071170] cloud-init[1727]: Cloud-init v. 23.1.2-0ubuntu0~18.04.1 running 'modules:config' at Fri, 02 Feb 2024 22:04:28 +0000. Up 31.33 seconds.
ci-info: no authorized SSH keys fingerprints found for user ubuntu.
<14>Feb  2 22:04:30 cloud-init: #############################################################
<14>Feb  2 22:04:30 cloud-init: -----BEGIN SSH HOST KEY FINGERPRINTS-----
<14>Feb  2 22:04:30 cloud-init: 1024 SHA256:kwjv+Wj7M2UBT8zhQas+17SXHU5FJg4Vfq5W1BmDZJw root@ubuntu-bionic (DSA)
<14>Feb  2 22:04:30 cloud-init: 256 SHA256:r8+tdaIxrkUM23PuY47yGtvnLLShTQbNdnKmBAG1HIE root@ubuntu-bionic (ECDSA)
<14>Feb  2 22:04:30 cloud-init: 256 SHA256:RDYEqBCU9PEYoSz0qUFvBYU3lJwoGqSEwlqnw5ln/Jo root@ubuntu-bionic (ED25519)
<14>Feb  2 22:04:30 cloud-init: 2048 SHA256:/L6M4dWdWipkBgP+CupqQrpjp8UqOpkGD6+XHqR0xew root@ubuntu-bionic (RSA)
<14>Feb  2 22:04:30 cloud-init: -----END SSH HOST KEY FINGERPRINTS-----
<14>Feb  2 22:04:30 cloud-init: #############################################################
-----BEGIN SSH HOST KEY KEYS-----
ecdsa-sha2-nistp256 AAAAE2VjZHNhLXNoYTItbmlzdHAyNTYAAAAIbmlzdHAyNTYAAABBBKT4WYVo0iJdiEItct9mXqFOeAAJmrvU4z1KYAmy1mvkR7NUHivR7M97UIVpEe5L3WsUcvPLc9A2cp4Qy8KruV4= root@ubuntu-bionic
ssh-ed25519 AAAAC3NzaC1lZDI1NTE5AAAAIPSt61XQSWrb9YyxnBiBpLV9ReRYmht6WSEGN5Ja3cB1 root@ubuntu-bionic
ssh-rsa AAAAB3NzaC1yc2EAAAADAQABAAABAQC50J1BMD4tTxwcXY1PDBHr0WwGOuEQI71NmpcpsF75cJZDI7G9fmUzKV3+O26euBg0cYki1vpRO5mgiQNAOny24qRzKI0ZRcZTxbpTCFtEBjaVNWqfTMAO3SQFUnt1TzbTCOfqoS6grT0tIoWkFEzxjz9Zk4sVUTtAY7LG6hzBhf1p5wnsWkDw+M1LnCvbPJ7F8da0e0ch8eRjoET0iwJ5yxsGRSurxRGgxYZ4m4eVXfqZC0Q1WwnqFCdnLLb0YZptJSF6Ag2ZYGbkpNuC1omF0IcCxUaoXyTGsPcqv2gVh7OpPLierUiAfHv0GXCWAeHSeAoXB40GNOzlaiA4PPl9 root@ubuntu-bionic
-----END SSH HOST KEY KEYS-----
[   33.166160] cloud-init[1892]: Cloud-init v. 23.1.2-0ubuntu0~18.04.1 running 'modules:final' at Fri, 02 Feb 2024 22:04:30 +0000. Up 32.92 seconds.
[   33.166482] cloud-init[1892]: Cloud-init v. 23.1.2-0ubuntu0~18.04.1 finished at Fri, 02 Feb 2024 22:04:30 +0000. Datasource DataSourceNoCloud [seed=/dev/sdb][dsmode=net].  Up 33.15 seconds
